A51 MACRO ASSEMBLER  KOD3                                                                 05/04/2020 01:18:31 PAGE     1


MACRO ASSEMBLER A51 V8.2.7.0
OBJECT MODULE PLACED IN .\Objects\kod3.obj
ASSEMBLER INVOKED BY: C:\Keil_v5\C51\BIN\A51.EXE kod3.asm SET(SMALL) DEBUG PRINT(.\Listings\kod3.lst) OBJECT(.\Objects\k
                      od3.obj) EP

LOC  OBJ            LINE     SOURCE

0000                   1             ORG 00H
0000 802E              2             SJMP BASLA
000B                   3             ORG 0BH; Kesme Vektörü Adresi
000B 020091            4     KESME:    LJMP KESMEFONK ;KESME GELDIGINDE KESMEFONK GIT
                       5     
0030                   6             ORG 30H
0030 75A882            7     BASLA:  MOV IE,#82H  ;EA ve ET0 i aktif ediyorum adresi. 1000 0010
0033 758901            8                     MOV TMOD,#01H ; zamanlayici modu timer0'in 1'i yani 65536 ya kadar
                       9                     
0036                  10                     Button_Kontrol: ;button kontrolü
0036 7400             11                     MOV A,#00H; Akü Sifirliyorum
0038 758C3C           12                     MOV TH0,#HIGH(-50000); 50 ms gecikmeye ayarliyorum
003B 758AB0           13                     MOV TL0,#LOW(-50000);50 ms gecikmeye ayarliyorum
003E 7C00             14                     MOV R4,#00h
0040 C28C             15                     CLR TR0 ; Buton kapali zamanlayi kapat;
0042 2090F1           16                     JB p1.0, Button_Kontrol ; buton 1 se yani kapaliysa butonkontrole git. 0'sa
                              yani aktifse devam et
0045 D28C             17                     SETB TR0; zamanlalyiciyi aç
                      18                     
                      19                     
0047                  20                     ACIK: ;PORTLARIN ACILACAGI DURUM
0047 703A             21                     JNZ KAPAT ;Eger A = 0 degil ise adrese dallan
0049 2090EA           22                     JB p1.0, Button_Kontrol
                      23                     
004C C280             24             CLR P0.0
004E C2A7             25             CLR P2.7
0050 C2A5             26             CLR P2.5
                      27             
0052 119D             28             CALL P_SIFIRLA
                      29             
0054 C281             30             CLR P0.1
0056 C2A7             31             CLR P2.7
0058 C2A6             32             CLR P2.6
005A C2A1             33             CLR P2.1
                      34             
005C 119D             35             CALL P_SIFIRLA
                      36             
005E C282             37             CLR P0.2
0060 C2A0             38             CLR P2.0
0062 C2A3             39             CLR P2.3
0064 C2A4             40             CLR P2.4
0066 C2A5             41             CLR P2.5
0068 C2A6             42             CLR P2.6
006A C2A7             43             CLR P2.7
                      44             
006C 119D             45             CALL P_SIFIRLA
                      46             
006E C283             47             CLR P0.3
0070 C2A0             48             CLR P2.0
0072 C2A1             49             CLR P2.1
0074 C2A2             50             CLR P2.2
0076 C2A5             51             CLR P2.5
0078 C2A7             52             CLR P2.7
                      53              
007A 119D             54             CALL P_SIFIRLA
                      55                     
007C BC14C8           56                     CJNE R4, #20, ACIK
A51 MACRO ASSEMBLER  KOD3                                                                 05/04/2020 01:18:31 PAGE     2

007F 1199             57                     CALL Bir_Saniye
0081 8000             58                     SJMP KAPAT
                      59                     
                      60                     
0083                  61                     KAPAT:;PORTLARIN KAPANACAGI DURUM
0083 60C2             62                     JZ ACIK;Eger A = 0 ise adrese dallan
0085 2090AE           63                     JB p1.0, Button_Kontrol
                      64                     
0088 119D             65                             CALL P_SIFIRLA
                      66                     
                      67                     
008A BC14F6           68                     CJNE R4, #20, KAPAT
008D 1199             69                     CALL Bir_Saniye
008F 80B6             70                     SJMP ACIK
                      71     
0091                  72     KESMEFONK:      
0091 0C               73                     INC R4
                      74     
0092 758C3C           75                     MOV TH0,#HIGH(-50000)
0095 758AB0           76                     MOV TL0,#LOW(-50000)
0098 32               77                     RETI
                      78                     
0099                  79     Bir_Saniye:
0099 F4               80                     CPL A
009A 7C00             81                     MOV R4,#00h
009C 22               82                     RET
                      83                     
009D                  84             P_SIFIRLA:;tum portlar kapatlyor
009D D280             85             SETB P0.0
009F D281             86             SETB P0.1
00A1 D282             87             SETB P0.2
00A3 D283             88             SETB P0.3
00A5 D2A0             89             SETB P2.0
00A7 D2A1             90             SETB P2.1
00A9 D2A2             91             SETB P2.2
00AB D2A3             92             SETB P2.3
00AD D2A4             93             SETB P2.4       
00AF D2A5             94             SETB P2.5
00B1 D2A6             95             SETB P2.6
00B3 D2A7             96             SETB P2.7
00B5 22               97             RET
                      98     
                      99             END
A51 MACRO ASSEMBLER  KOD3                                                                 05/04/2020 01:18:31 PAGE     3

SYMBOL TABLE LISTING
------ ----- -------


N A M E             T Y P E  V A L U E   ATTRIBUTES

ACIK . . . . . . .  C ADDR   0047H   A   
BASLA. . . . . . .  C ADDR   0030H   A   
BIR_SANIYE . . . .  C ADDR   0099H   A   
BUTTON_KONTROL . .  C ADDR   0036H   A   
IE . . . . . . . .  D ADDR   00A8H   A   
KAPAT. . . . . . .  C ADDR   0083H   A   
KESME. . . . . . .  C ADDR   000BH   A   
KESMEFONK. . . . .  C ADDR   0091H   A   
P0 . . . . . . . .  D ADDR   0080H   A   
P1 . . . . . . . .  D ADDR   0090H   A   
P2 . . . . . . . .  D ADDR   00A0H   A   
P_SIFIRLA. . . . .  C ADDR   009DH   A   
TH0. . . . . . . .  D ADDR   008CH   A   
TL0. . . . . . . .  D ADDR   008AH   A   
TMOD . . . . . . .  D ADDR   0089H   A   
TR0. . . . . . . .  B ADDR   0088H.4 A   


REGISTER BANK(S) USED: 0 


ASSEMBLY COMPLETE.  0 WARNING(S), 0 ERROR(S)
